disposeInternal:e
tag:b
propagationStopped_:H
createObject:o
dependentDisposables_:ca
oper:v
customEvent_:K
attrs:q
tweet:wa
nozip:u
otag:ga
nextId_:fa
commentCount_:aa
init:s
events_:P
remaining_:m
returnValue_:ja
tracerOverheadStart_:ra
matchFor:G
outstandingEvents_:W
comment:$
oquery:ua
statPool_:la
locked_:t
model:ta
events:B
query:l
getTag:D
count_:c
eventPool_:da
tracerCount_:oa
eventType:A
keys_:a
disposeObjectFn_:L
infixOper:R
startTime_:ka
superClass_:I
textClick:ma
loops:T
__iterator__:w
getElement:C
TEXT:Z
mappings:ea
createObjectFn_:f
listener:p
isFunctionListener_:S
varAlloc:Y
idPool_:Q
freeQueue_:g
event_:r
pseudos:i
classes:d
map_:h
commentStrip:ba
needsCleanup_:V
platformModifierKey:ia
parentEventTarget_:ha
dispose:j
stopTime:va
disposed_:M
stats_:X
disposeObject:z
callOnce:J
el:k
defaultThreshold_:sa
document_:N
removed:n
tracerOverheadComment_:pa
eventTime:O
tracerOverheadEnd_:qa
totalVarAlloc:na
maxCount_:U
handler:F
