goog$dom$contains:Pa
goog$getUid:B
goog$events$pools$releaseEvent:xb
goog$isArrayLike:ba
goog$userAgent$detectedIe_:ia
docMode$$inline_23:za
goog$events$removeAll:Bb
L 39:Wb
L 38:t
L 37:u
goog$exportPath_:aa
version$$inline_19:wa
L 32:gb
L 0:a
L 31:hb
L 1:b
L 30:kb
L 2:c
L 3:d
goog$isString:z
L 36:Mb
goog$userAgent$isDocumentModeCache_:Da
L 35:Nb
L 34:A
goog$array$forEach:H
L 33:fb
tart$getUid:Ia
goog$iter$StopIteration:Fb
operaVersion$$inline_21:xa
L 9:j
L 8:l
L 7:h
L 6:g
goog$object$getKeys:Qa
L 5:f
L 4:e
JSCompiler_StaticMethods_getKeys:Kb
goog$userAgent$isVersion:Ca
goog$string$trim:fa
tart$ui$ComponentManager$handleEvent:Oa
L 27:W
L 26:Pb
goog$iter$toIterator:Hb
goog$events$pools$getArray:pb
goog$events$pools$releaseObject:ob
L 29:Ob
goog$userAgent$GECKO:ra
L 28:Ha
goog$events$pools$getListener:ub
L 21:lb
goog$UID_PROPERTY_:ca
L 20:ib
goog$userAgent$detectedOpera_:D
goog$userAgent$MAC:ua
L 23:mb
L 22:I
L 25:X
L 24:oa
goog$reflect$sinkValue:Za
L 50:q
goog$events$pools$releaseListener:vb
goog$userAgent$detectedWebkit_:ja
goog$inherits:C
goog$userAgent$getUserAgentString:la
L 55:gc
L 54:fc
L 53:w
navigator$$inline_11:ta
L 52:n
L 51:ic
goog$object$forEach:Ta
goog$userAgent$jscript$VERSION:cb
L 49:hc
goog$typeOf:x
L 48:ec
goog$events$unlistenByKey:zb
goog$userAgent$WEBKIT:sa
L 45:bc
L 44:ac
L 47:dc
goog$events$EventTarget:R
L 46:cc
goog$debug$Trace_$formatTime_:Vb
L 41:Yb
L 40:Xb
L 43:$b
L 42:Zb
goog$userAgent$detectedGecko_:ka
goog$dom$DomHelper:P
tart$ui$DlgComponent:Q
goog$events$unlisten:yb
goog$userAgent$jscript$DETECTED_HAS_JSCRIPT_:bb
tart$ui$ComponentManager$initHandlers:Ma
goog$userAgent$isVersionCache_:Ba
goog$events$Listener$counter_:ab
goog$events$listeners_:V
goog$functions$TRUE:N
JSCompiler_StaticMethods_releaseObject:db
goog$events$Event:T
tart$ui$ComponentModel:Eb
goog$events$listenerTree_:Y
navigator$$inline_8:pa
goog$events$BrowserEvent:M
goog$events$listen:Na
goog$nullFunction:v
goog$events$cleanUp_:Ab
goog$iter$Iterator:Gb
JSCompiler_StaticMethods_toTraceString:Tb
goog$events$Listener:$a
goog$debug$Trace_:Qb
JSCompiler_prototypeAlias:r
goog$string$compareVersions:ga
goog$now:ea
twitter$TweetDlgComponent:Va
goog$debug$Trace_$Stat_:Sb
tart$ui$ComponentManager$components:Ja
goog$events$requiresSyntheticEventPropagation_:Fa
goog$userAgent$VERSION:va
goog$string$compareElements_:ha
re$$inline_20:F
JSCompiler_alias_VOID:i
arr$$inline_22:ya
goog$userAgent$OPERA:qa
goog$events$onStringMap_:Z
goog$events$pools$getEvent:wb
goog$Disposable:S
JSCompiler_alias_NULL:k
goog$userAgent$IE:E
goog$structs$SimplePool:U
tart$ui$ComponentManager$callHandler:Ra
goog$uidCounter_:da
L 13:o
goog$global:s
L 14:nb
goog$events$fireListeners_:Cb
L 11:m
goog$events$fireListener:Db
tart$ui$ComponentManager$eventTypes:La
L 12:p
L 10:y
goog$array$ARRAY_PROTOTYPE_:G
goog$disposeAll:Ya
goog$structs$Map:Jb
L 19:J
goog$debug$Trace_$Event_:Rb
L 17:K
ua$$inline_7:ma
proto$$inline_89:Xa
tart$ui$ComponentManager$init:Ka
L 18:jb
L 15:L
goog$dom$query:Ua
L 16:na
JSCompiler_StaticMethods_cleanupKeysArray_:Lb
goog$events$pools$setProxyCallbackFunction:sb
goog$dom$defaultDomHelper_:Sa
goog$debug$Trace_$longToPaddedString_:Ub
goog$array$indexOf:Ga
goog$events$pools$releaseProxy:tb
goog$events$pools$releaseArray:qb
goog$userAgent$isDocumentMode:Ea
goog$events$pools$getObject:eb
goog$iter$forEach:Ib
twitter$TweetComponentModel:Wa
doc$$inline_206:Aa
goog$events$pools$getProxy:rb
goog$events$sources_:O
